<?xml version="1.0" encoding="UTF-8"?>
<!-- Generated by org.testng.reporters.JUnitXMLReporter -->
<testsuite ignored="0" hostname="DESKTOP-NVB0K51" failures="0" tests="7" name="Chrome Test" time="175.226" errors="0" timestamp="2026-02-26T03:13:32 IST">
  <testcase classname="Orange.HRMDemo.LoginTest" name="emptyCredentials" time="2.469"/>
  <testcase classname="Orange.HRMDemo.LoginTest" name="invalidCredentials" time="4.443"/>
  <testcase classname="Orange.HRMDemo.LoginTest" name="testMMultipleCredentials" time="6.452"/>
  <testcase classname="Orange.HRMDemo.LoginTest" name="testMMultipleCredentials" time="4.221"/>
  <testcase classname="Orange.HRMDemo.LoginTest" name="testMMultipleCredentials" time="3.268"/>
  <testcase classname="Orange.HRMDemo.LoginTest" name="testMMultipleCredentials" time="2.311"/>
  <testcase classname="Orange.HRMDemo.LoginTest" name="validCredentials" time="3.809"/>
</testsuite> <!-- Chrome Test -->
