<?xml version="1.0" encoding="UTF-8"?>
<!-- Generated by org.testng.reporters.JUnitXMLReporter -->
<testsuite ignored="0" hostname="DESKTOP-NVB0K51" failures="0" tests="7" name="Edge Test" time="142.911" errors="0" timestamp="2026-02-26T03:12:59 IST">
  <testcase classname="Orange.HRMDemo.LoginTest" name="emptyCredentials" time="2.345"/>
  <testcase classname="Orange.HRMDemo.LoginTest" name="invalidCredentials" time="3.892"/>
  <testcase classname="Orange.HRMDemo.LoginTest" name="testMMultipleCredentials" time="7.864"/>
  <testcase classname="Orange.HRMDemo.LoginTest" name="testMMultipleCredentials" time="2.931"/>
  <testcase classname="Orange.HRMDemo.LoginTest" name="testMMultipleCredentials" time="3.191"/>
  <testcase classname="Orange.HRMDemo.LoginTest" name="testMMultipleCredentials" time="1.611"/>
  <testcase classname="Orange.HRMDemo.LoginTest" name="validCredentials" time="5.295"/>
</testsuite> <!-- Edge Test -->
