<?xml version="1.0" encoding="UTF-8"?>
<testng-results ignored="0" total="14" passed="14" failed="0" skipped="0">
  <reporter-output>
  </reporter-output>
  <suite started-at="2026-02-26T03:10:37 IST" name="Suite" finished-at="2026-02-26T03:13:32 IST" duration-ms="175226">
    <groups>
    </groups>
    <test started-at="2026-02-26T03:10:37 IST" name="Edge Test" finished-at="2026-02-26T03:12:59 IST" duration-ms="142911">
      <class name="Orange.HRMDemo.LoginTest">
        <test-method is-config="true" signature="setUp(java.lang.String)[pri:0, instance:Orange.HRMDemo.LoginTest@5f8edcc5]" started-at="2026-02-26T03:10:37 IST" name="setUp" finished-at="2026-02-26T03:11:11 IST" duration-ms="34295" status="PASS">
          <params>
            <param index="0">
              <value>
                <![CDATA[edge]]>
              </value>
            </param>
          </params>
          <reporter-output>
          </reporter-output>
        </test-method> <!-- setUp -->
        <test-method is-config="true" signature="beforeMethod()[pri:0, instance:Orange.HRMDemo.LoginTest@5f8edcc5]" started-at="2026-02-26T03:11:11 IST" name="beforeMethod" finished-at="2026-02-26T03:11:11 IST" duration-ms="0" status="PASS">
          <reporter-output>
          </reporter-output>
        </test-method> <!-- beforeMethod -->
        <test-method signature="emptyCredentials()[pri:0, instance:Orange.HRMDemo.LoginTest@5f8edcc5]" started-at="2026-02-26T03:11:11 IST" name="emptyCredentials" finished-at="2026-02-26T03:11:13 IST" duration-ms="2345" status="PASS">
          <reporter-output>
          </reporter-output>
        </test-method> <!-- emptyCredentials -->
        <test-method is-config="true" signature="tearDown()[pri:0, instance:Orange.HRMDemo.LoginTest@5f8edcc5]" started-at="2026-02-26T03:11:13 IST" name="tearDown" finished-at="2026-02-26T03:11:14 IST" duration-ms="365" status="PASS">
          <reporter-output>
          </reporter-output>
        </test-method> <!-- tearDown -->
        <test-method is-config="true" signature="setUp(java.lang.String)[pri:0, instance:Orange.HRMDemo.LoginTest@5f8edcc5]" started-at="2026-02-26T03:11:14 IST" name="setUp" finished-at="2026-02-26T03:11:22 IST" duration-ms="8029" status="PASS">
          <params>
            <param index="0">
              <value>
                <![CDATA[edge]]>
              </value>
            </param>
          </params>
          <reporter-output>
          </reporter-output>
        </test-method> <!-- setUp -->
        <test-method is-config="true" signature="beforeMethod()[pri:0, instance:Orange.HRMDemo.LoginTest@5f8edcc5]" started-at="2026-02-26T03:11:22 IST" name="beforeMethod" finished-at="2026-02-26T03:11:22 IST" duration-ms="1" status="PASS">
          <reporter-output>
          </reporter-output>
        </test-method> <!-- beforeMethod -->
        <test-method signature="invalidCredentials()[pri:0, instance:Orange.HRMDemo.LoginTest@5f8edcc5]" started-at="2026-02-26T03:11:22 IST" name="invalidCredentials" finished-at="2026-02-26T03:11:25 IST" duration-ms="3892" status="PASS">
          <reporter-output>
          </reporter-output>
        </test-method> <!-- invalidCredentials -->
        <test-method is-config="true" signature="tearDown()[pri:0, instance:Orange.HRMDemo.LoginTest@5f8edcc5]" started-at="2026-02-26T03:11:25 IST" name="tearDown" finished-at="2026-02-26T03:11:26 IST" duration-ms="487" status="PASS">
          <reporter-output>
          </reporter-output>
        </test-method> <!-- tearDown -->
        <test-method is-config="true" signature="setUp(java.lang.String)[pri:0, instance:Orange.HRMDemo.LoginTest@5f8edcc5]" started-at="2026-02-26T03:11:26 IST" name="setUp" finished-at="2026-02-26T03:11:51 IST" duration-ms="25129" status="PASS">
          <params>
            <param index="0">
              <value>
                <![CDATA[edge]]>
              </value>
            </param>
          </params>
          <reporter-output>
          </reporter-output>
        </test-method> <!-- setUp -->
        <test-method is-config="true" signature="beforeMethod()[pri:0, instance:Orange.HRMDemo.LoginTest@5f8edcc5]" started-at="2026-02-26T03:11:51 IST" name="beforeMethod" finished-at="2026-02-26T03:11:51 IST" duration-ms="1" status="PASS">
          <reporter-output>
          </reporter-output>
        </test-method> <!-- beforeMethod -->
        <test-method signature="testMMultipleCredentials(java.lang.String,java.lang.String)[pri:0, instance:Orange.HRMDemo.LoginTest@5f8edcc5]" started-at="2026-02-26T03:11:51 IST" name="testMMultipleCredentials" data-provider="multipleCredentials" finished-at="2026-02-26T03:11:59 IST" duration-ms="7864" status="PASS">
          <params>
            <param index="0">
              <value>
                <![CDATA[Admin]]>
              </value>
            </param>
            <param index="1">
              <value>
                <![CDATA[admin123]]>
              </value>
            </param>
          </params>
          <reporter-output>
          </reporter-output>
        </test-method> <!-- testMMultipleCredentials -->
        <test-method is-config="true" signature="tearDown()[pri:0, instance:Orange.HRMDemo.LoginTest@5f8edcc5]" started-at="2026-02-26T03:11:59 IST" name="tearDown" finished-at="2026-02-26T03:12:00 IST" duration-ms="643" status="PASS">
          <reporter-output>
          </reporter-output>
        </test-method> <!-- tearDown -->
        <test-method is-config="true" signature="setUp(java.lang.String)[pri:0, instance:Orange.HRMDemo.LoginTest@5f8edcc5]" started-at="2026-02-26T03:12:00 IST" name="setUp" finished-at="2026-02-26T03:12:09 IST" duration-ms="9367" status="PASS">
          <params>
            <param index="0">
              <value>
                <![CDATA[edge]]>
              </value>
            </param>
          </params>
          <reporter-output>
          </reporter-output>
        </test-method> <!-- setUp -->
        <test-method is-config="true" signature="beforeMethod()[pri:0, instance:Orange.HRMDemo.LoginTest@5f8edcc5]" started-at="2026-02-26T03:12:09 IST" name="beforeMethod" finished-at="2026-02-26T03:12:09 IST" duration-ms="1" status="PASS">
          <reporter-output>
          </reporter-output>
        </test-method> <!-- beforeMethod -->
        <test-method signature="testMMultipleCredentials(java.lang.String,java.lang.String)[pri:0, instance:Orange.HRMDemo.LoginTest@5f8edcc5]" started-at="2026-02-26T03:12:09 IST" name="testMMultipleCredentials" data-provider="multipleCredentials" finished-at="2026-02-26T03:12:12 IST" duration-ms="2931" status="PASS">
          <params>
            <param index="0">
              <value>
                <![CDATA[Admin]]>
              </value>
            </param>
            <param index="1">
              <value>
                <![CDATA[wrongpassword]]>
              </value>
            </param>
          </params>
          <reporter-output>
          </reporter-output>
        </test-method> <!-- testMMultipleCredentials -->
        <test-method is-config="true" signature="tearDown()[pri:0, instance:Orange.HRMDemo.LoginTest@5f8edcc5]" started-at="2026-02-26T03:12:12 IST" name="tearDown" finished-at="2026-02-26T03:12:12 IST" duration-ms="355" status="PASS">
          <reporter-output>
          </reporter-output>
        </test-method> <!-- tearDown -->
        <test-method is-config="true" signature="setUp(java.lang.String)[pri:0, instance:Orange.HRMDemo.LoginTest@5f8edcc5]" started-at="2026-02-26T03:12:12 IST" name="setUp" finished-at="2026-02-26T03:12:21 IST" duration-ms="9099" status="PASS">
          <params>
            <param index="0">
              <value>
                <![CDATA[edge]]>
              </value>
            </param>
          </params>
          <reporter-output>
          </reporter-output>
        </test-method> <!-- setUp -->
        <test-method is-config="true" signature="beforeMethod()[pri:0, instance:Orange.HRMDemo.LoginTest@5f8edcc5]" started-at="2026-02-26T03:12:21 IST" name="beforeMethod" finished-at="2026-02-26T03:12:21 IST" duration-ms="1" status="PASS">
          <reporter-output>
          </reporter-output>
        </test-method> <!-- beforeMethod -->
        <test-method signature="testMMultipleCredentials(java.lang.String,java.lang.String)[pri:0, instance:Orange.HRMDemo.LoginTest@5f8edcc5]" started-at="2026-02-26T03:12:21 IST" name="testMMultipleCredentials" data-provider="multipleCredentials" finished-at="2026-02-26T03:12:25 IST" duration-ms="3191" status="PASS">
          <params>
            <param index="0">
              <value>
                <![CDATA[]]>
              </value>
            </param>
            <param index="1">
              <value>
                <![CDATA[]]>
              </value>
            </param>
          </params>
          <reporter-output>
          </reporter-output>
        </test-method> <!-- testMMultipleCredentials -->
        <test-method is-config="true" signature="tearDown()[pri:0, instance:Orange.HRMDemo.LoginTest@5f8edcc5]" started-at="2026-02-26T03:12:25 IST" name="tearDown" finished-at="2026-02-26T03:12:25 IST" duration-ms="488" status="PASS">
          <reporter-output>
          </reporter-output>
        </test-method> <!-- tearDown -->
        <test-method is-config="true" signature="setUp(java.lang.String)[pri:0, instance:Orange.HRMDemo.LoginTest@5f8edcc5]" started-at="2026-02-26T03:12:25 IST" name="setUp" finished-at="2026-02-26T03:12:30 IST" duration-ms="4608" status="PASS">
          <params>
            <param index="0">
              <value>
                <![CDATA[edge]]>
              </value>
            </param>
          </params>
          <reporter-output>
          </reporter-output>
        </test-method> <!-- setUp -->
        <test-method is-config="true" signature="beforeMethod()[pri:0, instance:Orange.HRMDemo.LoginTest@5f8edcc5]" started-at="2026-02-26T03:12:30 IST" name="beforeMethod" finished-at="2026-02-26T03:12:30 IST" duration-ms="1" status="PASS">
          <reporter-output>
          </reporter-output>
        </test-method> <!-- beforeMethod -->
        <test-method signature="testMMultipleCredentials(java.lang.String,java.lang.String)[pri:0, instance:Orange.HRMDemo.LoginTest@5f8edcc5]" started-at="2026-02-26T03:12:30 IST" name="testMMultipleCredentials" data-provider="multipleCredentials" finished-at="2026-02-26T03:12:31 IST" duration-ms="1611" status="PASS">
          <params>
            <param index="0">
              <value>
                <![CDATA[Admin]]>
              </value>
            </param>
            <param index="1">
              <value>
                <![CDATA[]]>
              </value>
            </param>
          </params>
          <reporter-output>
          </reporter-output>
        </test-method> <!-- testMMultipleCredentials -->
        <test-method is-config="true" signature="tearDown()[pri:0, instance:Orange.HRMDemo.LoginTest@5f8edcc5]" started-at="2026-02-26T03:12:31 IST" name="tearDown" finished-at="2026-02-26T03:12:32 IST" duration-ms="440" status="PASS">
          <reporter-output>
          </reporter-output>
        </test-method> <!-- tearDown -->
        <test-method is-config="true" signature="setUp(java.lang.String)[pri:0, instance:Orange.HRMDemo.LoginTest@5f8edcc5]" started-at="2026-02-26T03:12:32 IST" name="setUp" finished-at="2026-02-26T03:12:54 IST" duration-ms="21945" status="PASS">
          <params>
            <param index="0">
              <value>
                <![CDATA[edge]]>
              </value>
            </param>
          </params>
          <reporter-output>
          </reporter-output>
        </test-method> <!-- setUp -->
        <test-method is-config="true" signature="beforeMethod()[pri:0, instance:Orange.HRMDemo.LoginTest@5f8edcc5]" started-at="2026-02-26T03:12:54 IST" name="beforeMethod" finished-at="2026-02-26T03:12:54 IST" duration-ms="2" status="PASS">
          <reporter-output>
          </reporter-output>
        </test-method> <!-- beforeMethod -->
        <test-method signature="validCredentials()[pri:0, instance:Orange.HRMDemo.LoginTest@5f8edcc5]" started-at="2026-02-26T03:12:54 IST" name="validCredentials" finished-at="2026-02-26T03:12:59 IST" duration-ms="5295" status="PASS">
          <reporter-output>
          </reporter-output>
        </test-method> <!-- validCredentials -->
        <test-method is-config="true" signature="tearDown()[pri:0, instance:Orange.HRMDemo.LoginTest@5f8edcc5]" started-at="2026-02-26T03:12:59 IST" name="tearDown" finished-at="2026-02-26T03:12:59 IST" duration-ms="391" status="PASS">
          <reporter-output>
          </reporter-output>
        </test-method> <!-- tearDown -->
      </class> <!-- Orange.HRMDemo.LoginTest -->
    </test> <!-- Edge Test -->
    <test started-at="2026-02-26T03:10:37 IST" name="Chrome Test" finished-at="2026-02-26T03:13:32 IST" duration-ms="175226">
      <class name="Orange.HRMDemo.LoginTest">
        <test-method is-config="true" signature="setUp(java.lang.String)[pri:0, instance:Orange.HRMDemo.LoginTest@3b0090a4]" started-at="2026-02-26T03:10:37 IST" name="setUp" finished-at="2026-02-26T03:11:08 IST" duration-ms="31545" status="PASS">
          <params>
            <param index="0">
              <value>
                <![CDATA[chrome]]>
              </value>
            </param>
          </params>
          <reporter-output>
          </reporter-output>
        </test-method> <!-- setUp -->
        <test-method is-config="true" signature="beforeMethod()[pri:0, instance:Orange.HRMDemo.LoginTest@3b0090a4]" started-at="2026-02-26T03:11:08 IST" name="beforeMethod" finished-at="2026-02-26T03:11:08 IST" duration-ms="12" status="PASS">
          <reporter-output>
          </reporter-output>
        </test-method> <!-- beforeMethod -->
        <test-method signature="emptyCredentials()[pri:0, instance:Orange.HRMDemo.LoginTest@3b0090a4]" started-at="2026-02-26T03:11:08 IST" name="emptyCredentials" finished-at="2026-02-26T03:11:11 IST" duration-ms="2469" status="PASS">
          <reporter-output>
          </reporter-output>
        </test-method> <!-- emptyCredentials -->
        <test-method is-config="true" signature="tearDown()[pri:0, instance:Orange.HRMDemo.LoginTest@3b0090a4]" started-at="2026-02-26T03:11:11 IST" name="tearDown" finished-at="2026-02-26T03:11:11 IST" duration-ms="470" status="PASS">
          <reporter-output>
          </reporter-output>
        </test-method> <!-- tearDown -->
        <test-method is-config="true" signature="setUp(java.lang.String)[pri:0, instance:Orange.HRMDemo.LoginTest@3b0090a4]" started-at="2026-02-26T03:11:11 IST" name="setUp" finished-at="2026-02-26T03:11:24 IST" duration-ms="12483" status="PASS">
          <params>
            <param index="0">
              <value>
                <![CDATA[chrome]]>
              </value>
            </param>
          </params>
          <reporter-output>
          </reporter-output>
        </test-method> <!-- setUp -->
        <test-method is-config="true" signature="beforeMethod()[pri:0, instance:Orange.HRMDemo.LoginTest@3b0090a4]" started-at="2026-02-26T03:11:24 IST" name="beforeMethod" finished-at="2026-02-26T03:11:24 IST" duration-ms="2" status="PASS">
          <reporter-output>
          </reporter-output>
        </test-method> <!-- beforeMethod -->
        <test-method signature="invalidCredentials()[pri:0, instance:Orange.HRMDemo.LoginTest@3b0090a4]" started-at="2026-02-26T03:11:24 IST" name="invalidCredentials" finished-at="2026-02-26T03:11:28 IST" duration-ms="4443" status="PASS">
          <reporter-output>
          </reporter-output>
        </test-method> <!-- invalidCredentials -->
        <test-method is-config="true" signature="tearDown()[pri:0, instance:Orange.HRMDemo.LoginTest@3b0090a4]" started-at="2026-02-26T03:11:28 IST" name="tearDown" finished-at="2026-02-26T03:11:28 IST" duration-ms="329" status="PASS">
          <reporter-output>
          </reporter-output>
        </test-method> <!-- tearDown -->
        <test-method is-config="true" signature="setUp(java.lang.String)[pri:0, instance:Orange.HRMDemo.LoginTest@3b0090a4]" started-at="2026-02-26T03:11:28 IST" name="setUp" finished-at="2026-02-26T03:11:50 IST" duration-ms="21849" status="PASS">
          <params>
            <param index="0">
              <value>
                <![CDATA[chrome]]>
              </value>
            </param>
          </params>
          <reporter-output>
          </reporter-output>
        </test-method> <!-- setUp -->
        <test-method is-config="true" signature="beforeMethod()[pri:0, instance:Orange.HRMDemo.LoginTest@3b0090a4]" started-at="2026-02-26T03:11:50 IST" name="beforeMethod" finished-at="2026-02-26T03:11:50 IST" duration-ms="1" status="PASS">
          <reporter-output>
          </reporter-output>
        </test-method> <!-- beforeMethod -->
        <test-method signature="testMMultipleCredentials(java.lang.String,java.lang.String)[pri:0, instance:Orange.HRMDemo.LoginTest@3b0090a4]" started-at="2026-02-26T03:11:50 IST" name="testMMultipleCredentials" data-provider="multipleCredentials" finished-at="2026-02-26T03:11:57 IST" duration-ms="6452" status="PASS">
          <params>
            <param index="0">
              <value>
                <![CDATA[Admin]]>
              </value>
            </param>
            <param index="1">
              <value>
                <![CDATA[admin123]]>
              </value>
            </param>
          </params>
          <reporter-output>
          </reporter-output>
        </test-method> <!-- testMMultipleCredentials -->
        <test-method is-config="true" signature="tearDown()[pri:0, instance:Orange.HRMDemo.LoginTest@3b0090a4]" started-at="2026-02-26T03:11:57 IST" name="tearDown" finished-at="2026-02-26T03:11:57 IST" duration-ms="654" status="PASS">
          <reporter-output>
          </reporter-output>
        </test-method> <!-- tearDown -->
        <test-method is-config="true" signature="setUp(java.lang.String)[pri:0, instance:Orange.HRMDemo.LoginTest@3b0090a4]" started-at="2026-02-26T03:11:57 IST" name="setUp" finished-at="2026-02-26T03:12:14 IST" duration-ms="16598" status="PASS">
          <params>
            <param index="0">
              <value>
                <![CDATA[chrome]]>
              </value>
            </param>
          </params>
          <reporter-output>
          </reporter-output>
        </test-method> <!-- setUp -->
        <test-method is-config="true" signature="beforeMethod()[pri:0, instance:Orange.HRMDemo.LoginTest@3b0090a4]" started-at="2026-02-26T03:12:14 IST" name="beforeMethod" finished-at="2026-02-26T03:12:14 IST" duration-ms="2" status="PASS">
          <reporter-output>
          </reporter-output>
        </test-method> <!-- beforeMethod -->
        <test-method signature="testMMultipleCredentials(java.lang.String,java.lang.String)[pri:0, instance:Orange.HRMDemo.LoginTest@3b0090a4]" started-at="2026-02-26T03:12:14 IST" name="testMMultipleCredentials" data-provider="multipleCredentials" finished-at="2026-02-26T03:12:18 IST" duration-ms="4221" status="PASS">
          <params>
            <param index="0">
              <value>
                <![CDATA[Admin]]>
              </value>
            </param>
            <param index="1">
              <value>
                <![CDATA[wrongpassword]]>
              </value>
            </param>
          </params>
          <reporter-output>
          </reporter-output>
        </test-method> <!-- testMMultipleCredentials -->
        <test-method is-config="true" signature="tearDown()[pri:0, instance:Orange.HRMDemo.LoginTest@3b0090a4]" started-at="2026-02-26T03:12:18 IST" name="tearDown" finished-at="2026-02-26T03:12:18 IST" duration-ms="272" status="PASS">
          <reporter-output>
          </reporter-output>
        </test-method> <!-- tearDown -->
        <test-method is-config="true" signature="setUp(java.lang.String)[pri:0, instance:Orange.HRMDemo.LoginTest@3b0090a4]" started-at="2026-02-26T03:12:18 IST" name="setUp" finished-at="2026-02-26T03:12:39 IST" duration-ms="20613" status="PASS">
          <params>
            <param index="0">
              <value>
                <![CDATA[chrome]]>
              </value>
            </param>
          </params>
          <reporter-output>
          </reporter-output>
        </test-method> <!-- setUp -->
        <test-method is-config="true" signature="beforeMethod()[pri:0, instance:Orange.HRMDemo.LoginTest@3b0090a4]" started-at="2026-02-26T03:12:39 IST" name="beforeMethod" finished-at="2026-02-26T03:12:39 IST" duration-ms="1" status="PASS">
          <reporter-output>
          </reporter-output>
        </test-method> <!-- beforeMethod -->
        <test-method signature="testMMultipleCredentials(java.lang.String,java.lang.String)[pri:0, instance:Orange.HRMDemo.LoginTest@3b0090a4]" started-at="2026-02-26T03:12:39 IST" name="testMMultipleCredentials" data-provider="multipleCredentials" finished-at="2026-02-26T03:12:42 IST" duration-ms="3268" status="PASS">
          <params>
            <param index="0">
              <value>
                <![CDATA[]]>
              </value>
            </param>
            <param index="1">
              <value>
                <![CDATA[]]>
              </value>
            </param>
          </params>
          <reporter-output>
          </reporter-output>
        </test-method> <!-- testMMultipleCredentials -->
        <test-method is-config="true" signature="tearDown()[pri:0, instance:Orange.HRMDemo.LoginTest@3b0090a4]" started-at="2026-02-26T03:12:42 IST" name="tearDown" finished-at="2026-02-26T03:12:43 IST" duration-ms="345" status="PASS">
          <reporter-output>
          </reporter-output>
        </test-method> <!-- tearDown -->
        <test-method is-config="true" signature="setUp(java.lang.String)[pri:0, instance:Orange.HRMDemo.LoginTest@3b0090a4]" started-at="2026-02-26T03:12:43 IST" name="setUp" finished-at="2026-02-26T03:13:03 IST" duration-ms="20864" status="PASS">
          <params>
            <param index="0">
              <value>
                <![CDATA[chrome]]>
              </value>
            </param>
          </params>
          <reporter-output>
          </reporter-output>
        </test-method> <!-- setUp -->
        <test-method is-config="true" signature="beforeMethod()[pri:0, instance:Orange.HRMDemo.LoginTest@3b0090a4]" started-at="2026-02-26T03:13:03 IST" name="beforeMethod" finished-at="2026-02-26T03:13:03 IST" duration-ms="1" status="PASS">
          <reporter-output>
          </reporter-output>
        </test-method> <!-- beforeMethod -->
        <test-method signature="testMMultipleCredentials(java.lang.String,java.lang.String)[pri:0, instance:Orange.HRMDemo.LoginTest@3b0090a4]" started-at="2026-02-26T03:13:03 IST" name="testMMultipleCredentials" data-provider="multipleCredentials" finished-at="2026-02-26T03:13:06 IST" duration-ms="2311" status="PASS">
          <params>
            <param index="0">
              <value>
                <![CDATA[Admin]]>
              </value>
            </param>
            <param index="1">
              <value>
                <![CDATA[]]>
              </value>
            </param>
          </params>
          <reporter-output>
          </reporter-output>
        </test-method> <!-- testMMultipleCredentials -->
        <test-method is-config="true" signature="tearDown()[pri:0, instance:Orange.HRMDemo.LoginTest@3b0090a4]" started-at="2026-02-26T03:13:06 IST" name="tearDown" finished-at="2026-02-26T03:13:06 IST" duration-ms="207" status="PASS">
          <reporter-output>
          </reporter-output>
        </test-method> <!-- tearDown -->
        <test-method is-config="true" signature="setUp(java.lang.String)[pri:0, instance:Orange.HRMDemo.LoginTest@3b0090a4]" started-at="2026-02-26T03:13:06 IST" name="setUp" finished-at="2026-02-26T03:13:28 IST" duration-ms="21728" status="PASS">
          <params>
            <param index="0">
              <value>
                <![CDATA[chrome]]>
              </value>
            </param>
          </params>
          <reporter-output>
          </reporter-output>
        </test-method> <!-- setUp -->
        <test-method is-config="true" signature="beforeMethod()[pri:0, instance:Orange.HRMDemo.LoginTest@3b0090a4]" started-at="2026-02-26T03:13:28 IST" name="beforeMethod" finished-at="2026-02-26T03:13:28 IST" duration-ms="1" status="PASS">
          <reporter-output>
          </reporter-output>
        </test-method> <!-- beforeMethod -->
        <test-method signature="validCredentials()[pri:0, instance:Orange.HRMDemo.LoginTest@3b0090a4]" started-at="2026-02-26T03:13:28 IST" name="validCredentials" finished-at="2026-02-26T03:13:32 IST" duration-ms="3809" status="PASS">
          <reporter-output>
          </reporter-output>
        </test-method> <!-- validCredentials -->
        <test-method is-config="true" signature="tearDown()[pri:0, instance:Orange.HRMDemo.LoginTest@3b0090a4]" started-at="2026-02-26T03:13:32 IST" name="tearDown" finished-at="2026-02-26T03:13:32 IST" duration-ms="173" status="PASS">
          <reporter-output>
          </reporter-output>
        </test-method> <!-- tearDown -->
      </class> <!-- Orange.HRMDemo.LoginTest -->
    </test> <!-- Chrome Test -->
  </suite> <!-- Suite -->
</testng-results>
