<?xml version="1.0" encoding="UTF-8"?>
<!-- Generated by org.testng.reporters.JUnitReportReporter -->
<testsuite hostname="DESKTOP-NVB0K51" failures="0" tests="14" name="Orange.HRMDemo.LoginTest" time="317.900" errors="0" timestamp="2026-02-26T03:13:32 IST" skipped="0">
  <testcase classname="Orange.HRMDemo.LoginTest" name="invalidCredentials" time="17.581"/>
  <testcase classname="Orange.HRMDemo.LoginTest" name="testMMultipleCredentials" time="10.006"/>
  <testcase classname="Orange.HRMDemo.LoginTest" name="validCredentials" time="24.695"/>
  <testcase classname="Orange.HRMDemo.LoginTest" name="emptyCredentials" time="7.309"/>
  <testcase classname="Orange.HRMDemo.LoginTest" name="validCredentials" time="40.031"/>
  <testcase classname="Orange.HRMDemo.LoginTest" name="invalidCredentials" time="29.666"/>
  <testcase classname="Orange.HRMDemo.LoginTest" name="emptyCredentials" time="34.361"/>
  <testcase classname="Orange.HRMDemo.LoginTest" name="testMMultipleCredentials" time="24.379"/>
  <testcase classname="Orange.HRMDemo.LoginTest" name="testMMultipleCredentials" time="20.994"/>
  <testcase classname="Orange.HRMDemo.LoginTest" name="testMMultipleCredentials" time="28.651"/>
  <testcase classname="Orange.HRMDemo.LoginTest" name="testMMultipleCredentials" time="30.201"/>
  <testcase classname="Orange.HRMDemo.LoginTest" name="testMMultipleCredentials" time="12.517"/>
  <testcase classname="Orange.HRMDemo.LoginTest" name="testMMultipleCredentials" time="13.047"/>
  <testcase classname="Orange.HRMDemo.LoginTest" name="testMMultipleCredentials" time="24.462"/>
</testsuite> <!-- Orange.HRMDemo.LoginTest -->
